# JRE version: Java(TM) SE Runtime Environment (9.0+11) (build 9.0.4+11)
# Java VM: Java HotSpot(TM) 64-Bit Server VM (9.0.4+11, mixed mode, tiered, compressed oops, g1 gc, windows-amd64)
Heap:
 garbage-first heap   total 179200K, used 112419K [0x0000000700000000, 0x0000000700100578, 0x00000007c0000000)
  region size 1024K, 37 young (37888K), 2 survivors (2048K)
 Metaspace       used 68295K, capacity 72634K, committed 72880K, reserved 1112064K
  class space    used 9365K, capacity 10155K, committed 10160K, reserved 1048576K
GC Heap History (10 events):
Event: 153.719 GC heap before
{Heap before GC invocations=54 (full 1):
 garbage-first heap   total 179200K, used 136792K [0x0000000700000000, 0x0000000700100578, 0x00000007c0000000)
  region size 1024K, 60 young (61440K), 1 survivors (1024K)
 Metaspace       used 67807K, capacity 71976K, committed 72112K, reserved 1112064K
  class space    used 9319K, capacity 10076K, committed 10160K, reserved 1048576K
}
Event: 153.720 GC heap after
{Heap after GC invocations=55 (full 1):
 garbage-first heap   total 179200K, used 76991K [0x0000000700000000, 0x0000000700100578, 0x00000007c0000000)
  region size 1024K, 2 young (2048K), 2 survivors (2048K)
 Metaspace       used 67807K, capacity 71976K, committed 72112K, reserved 1112064K
  class space    used 9319K, capacity 10076K, committed 10160K, reserved 1048576K
}
Event: 154.704 GC heap before
{Heap before GC invocations=55 (full 1):
 garbage-first heap   total 179200K, used 136383K [0x0000000700000000, 0x0000000700100578, 0x00000007c0000000)
  region size 1024K, 60 young (61440K), 2 survivors (2048K)
 Metaspace       used 67839K, capacity 71976K, committed 72112K, reserved 1112064K
  class space    used 9319K, capacity 10076K, committed 10160K, reserved 1048576K
}
Event: 154.706 GC heap after
{Heap after GC invocations=56 (full 1):
 garbage-first heap   total 179200K, used 77225K [0x0000000700000000, 0x0000000700100578, 0x00000007c0000000)
  region size 1024K, 2 young (2048K), 2 survivors (2048K)
 Metaspace       used 67839K, capacity 71976K, committed 72112K, reserved 1112064K
  class space    used 9319K, capacity 10076K, committed 10160K, reserved 1048576K
}
Event: 160.111 GC heap before
{Heap before GC invocations=56 (full 1):
 garbage-first heap   total 179200K, used 136617K [0x0000000700000000, 0x0000000700100578, 0x00000007c0000000)
  region size 1024K, 60 young (61440K), 2 survivors (2048K)
 Metaspace       used 67890K, capacity 72040K, committed 72368K, reserved 1112064K
  class space    used 9319K, capacity 10076K, committed 10160K, reserved 1048576K
}
Event: 160.113 GC heap after
{Heap after GC invocations=57 (full 1):
 garbage-first heap   total 179200K, used 77363K [0x0000000700000000, 0x0000000700100578, 0x00000007c0000000)
  region size 1024K, 2 young (2048K), 2 survivors (2048K)
 Metaspace       used 67890K, capacity 72040K, committed 72368K, reserved 1112064K
  class space    used 9319K, capacity 10076K, committed 10160K, reserved 1048576K
}
Event: 272.044 GC heap before
{Heap before GC invocations=57 (full 1):
 garbage-first heap   total 179200K, used 136755K [0x0000000700000000, 0x0000000700100578, 0x00000007c0000000)
  region size 1024K, 60 young (61440K), 2 survivors (2048K)
 Metaspace       used 68056K, capacity 72168K, committed 72368K, reserved 1112064K
  class space    used 9322K, capacity 10076K, committed 10160K, reserved 1048576K
}
Event: 272.049 GC heap after
{Heap after GC invocations=58 (full 1):
 garbage-first heap   total 179200K, used 77697K [0x0000000700000000, 0x0000000700100578, 0x00000007c0000000)
  region size 1024K, 3 young (3072K), 3 survivors (3072K)
 Metaspace       used 68056K, capacity 72168K, committed 72368K, reserved 1112064K
  class space    used 9322K, capacity 10076K, committed 10160K, reserved 1048576K
}
Event: 362.734 GC heap before
{Heap before GC invocations=58 (full 1):
 garbage-first heap   total 179200K, used 136065K [0x0000000700000000, 0x0000000700100578, 0x00000007c0000000)
  region size 1024K, 60 young (61440K), 3 survivors (3072K)
 Metaspace       used 68262K, capacity 72570K, committed 72624K, reserved 1112064K
  class space    used 9364K, capacity 10155K, committed 10160K, reserved 1048576K
}
Event: 362.813 GC heap after
{Heap after GC invocations=59 (full 1):
 garbage-first heap   total 179200K, used 77603K [0x0000000700000000, 0x0000000700100578, 0x00000007c0000000)
  region size 1024K, 2 young (2048K), 2 survivors (2048K)
 Metaspace       used 68262K, capacity 72570K, committed 72624K, reserved 1112064K
  class space    used 9364K, capacity 10155K, committed 10160K, reserved 1048576K
}

