# JRE version: Java(TM) SE Runtime Environment (9.0+11) (build 9.0.4+11)
# Java VM: Java HotSpot(TM) 64-Bit Server VM (9.0.4+11, mixed mode, tiered, compressed oops, g1 gc, windows-amd64)
Heap:
 garbage-first heap   total 214016K, used 101375K [0x0000000700000000, 0x0000000700100688, 0x00000007c0000000)
  region size 1024K, 21 young (21504K), 2 survivors (2048K)
 Metaspace       used 73813K, capacity 78492K, committed 78640K, reserved 1116160K
  class space    used 10207K, capacity 11052K, committed 11056K, reserved 1048576K
GC Heap History (10 events):
Event: 129.890 GC heap before
{Heap before GC invocations=106 (full 2):
 garbage-first heap   total 214016K, used 143083K [0x0000000700000000, 0x0000000700100688, 0x00000007c0000000)
  region size 1024K, 60 young (61440K), 0 survivors (0K)
 Metaspace       used 73426K, capacity 77906K, committed 78128K, reserved 1116160K
  class space    used 10163K, capacity 10975K, committed 11056K, reserved 1048576K
}
Event: 129.892 GC heap after
{Heap after GC invocations=107 (full 2):
 garbage-first heap   total 214016K, used 82932K [0x0000000700000000, 0x0000000700100688, 0x00000007c0000000)
  region size 1024K, 2 young (2048K), 2 survivors (2048K)
 Metaspace       used 73426K, capacity 77906K, committed 78128K, reserved 1116160K
  class space    used 10163K, capacity 10975K, committed 11056K, reserved 1048576K
}
Event: 416.906 GC heap before
{Heap before GC invocations=107 (full 2):
 garbage-first heap   total 214016K, used 142324K [0x0000000700000000, 0x0000000700100688, 0x00000007c0000000)
  region size 1024K, 60 young (61440K), 2 survivors (2048K)
 Metaspace       used 73503K, capacity 78034K, committed 78128K, reserved 1116160K
  class space    used 10163K, capacity 10975K, committed 11056K, reserved 1048576K
}
Event: 416.911 GC heap after
{Heap after GC invocations=108 (full 2):
 garbage-first heap   total 214016K, used 82912K [0x0000000700000000, 0x0000000700100688, 0x00000007c0000000)
  region size 1024K, 2 young (2048K), 2 survivors (2048K)
 Metaspace       used 73503K, capacity 78034K, committed 78128K, reserved 1116160K
  class space    used 10163K, capacity 10975K, committed 11056K, reserved 1048576K
}
Event: 707.473 GC heap before
{Heap before GC invocations=108 (full 2):
 garbage-first heap   total 214016K, used 142304K [0x0000000700000000, 0x0000000700100688, 0x00000007c0000000)
  region size 1024K, 60 young (61440K), 2 survivors (2048K)
 Metaspace       used 73542K, capacity 78034K, committed 78128K, reserved 1116160K
  class space    used 10163K, capacity 10975K, committed 11056K, reserved 1048576K
}
Event: 707.480 GC heap after
{Heap after GC invocations=109 (full 2):
 garbage-first heap   total 214016K, used 82981K [0x0000000700000000, 0x0000000700100688, 0x00000007c0000000)
  region size 1024K, 2 young (2048K), 2 survivors (2048K)
 Metaspace       used 73542K, capacity 78034K, committed 78128K, reserved 1116160K
  class space    used 10163K, capacity 10975K, committed 11056K, reserved 1048576K
}
Event: 998.275 GC heap before
{Heap before GC invocations=109 (full 2):
 garbage-first heap   total 214016K, used 142373K [0x0000000700000000, 0x0000000700100688, 0x00000007c0000000)
  region size 1024K, 60 young (61440K), 2 survivors (2048K)
 Metaspace       used 73589K, capacity 78098K, committed 78384K, reserved 1116160K
  class space    used 10163K, capacity 10975K, committed 11056K, reserved 1048576K
}
Event: 998.323 GC heap after
{Heap after GC invocations=110 (full 2):
 garbage-first heap   total 214016K, used 82975K [0x0000000700000000, 0x0000000700100688, 0x00000007c0000000)
  region size 1024K, 2 young (2048K), 2 survivors (2048K)
 Metaspace       used 73589K, capacity 78098K, committed 78384K, reserved 1116160K
  class space    used 10163K, capacity 10975K, committed 11056K, reserved 1048576K
}
Event: 1292.979 GC heap before
{Heap before GC invocations=110 (full 2):
 garbage-first heap   total 214016K, used 142367K [0x0000000700000000, 0x0000000700100688, 0x00000007c0000000)
  region size 1024K, 60 young (61440K), 2 survivors (2048K)
 Metaspace       used 73602K, capacity 78098K, committed 78384K, reserved 1116160K
  class space    used 10163K, capacity 10975K, committed 11056K, reserved 1048576K
}
Event: 1293.048 GC heap after
{Heap after GC invocations=111 (full 2):
 garbage-first heap   total 214016K, used 82943K [0x0000000700000000, 0x0000000700100688, 0x00000007c0000000)
  region size 1024K, 2 young (2048K), 2 survivors (2048K)
 Metaspace       used 73602K, capacity 78098K, committed 78384K, reserved 1116160K
  class space    used 10163K, capacity 10975K, committed 11056K, reserved 1048576K
}

